{
  "stats": {
    "suites": 3,
    "tests": 3,
    "passes": 2,
    "pending": 0,
    "failures": 1,
    "start": "2022-11-25T14:33:44.888Z",
    "end": "2022-11-25T14:33:46.490Z",
    "duration": 1602,
    "testsRegistered": 3,
    "passPercent": 66.66666666666666,
    "pendingPercent": 0,
    "other": 0,
    "hasOther": false,
    "skipped": 0,
    "hasSkipped": false
  },
  "results": [
    {
      "uuid": "3ef338b3-2fc0-4e92-bcc4-f9c56e7222e5",
      "title": "",
      "fullFile": "",
      "file": "",
      "beforeHooks": [],
      "afterHooks": [],
      "tests": [],
      "suites": [
        {
          "uuid": "c01ca584-54dd-44f0-8029-03e5e31b359d",
          "title": "GET /users",
          "fullFile": "C:\\Users\\Pinhome Engineer 17\\Documents\\apiAutomationLive01\\api\\test\\createUser.js",
          "file": "\\api\\test\\createUser.js",
          "beforeHooks": [],
          "afterHooks": [],
          "tests": [
            {
              "title": "create new user",
              "fullTitle": "GET /users create new user",
              "timedOut": false,
              "duration": 584,
              "state": "passed",
              "speed": "slow",
              "pass": true,
              "fail": false,
              "pending": false,
              "context": null,
              "code": "const response = await request\n    .post(\"/users\")\n    .send({\n        \"name\": USER_DATA.name,\n        \"job\": USER_DATA.job\n    });\n\nexpect(response.status).to.eql(201);\nexpect(response.body.name).to.eql(USER_DATA.name);\nexpect(response.body.job).to.eql(USER_DATA.job);",
              "err": {},
              "uuid": "c90d52ac-91d7-40ce-b68d-39dacc1853e9",
              "parentUUID": "c01ca584-54dd-44f0-8029-03e5e31b359d",
              "isHook": false,
              "skipped": false
            }
          ],
          "suites": [],
          "passes": [
            "c90d52ac-91d7-40ce-b68d-39dacc1853e9"
          ],
          "failures": [],
          "pending": [],
          "skipped": [],
          "duration": 584,
          "root": false,
          "rootEmpty": false,
          "_timeout": 2000
        },
        {
          "uuid": "366f0912-16ea-429e-937c-3638877f6f64",
          "title": "GET /users",
          "fullFile": "C:\\Users\\Pinhome Engineer 17\\Documents\\apiAutomationLive01\\api\\test\\getUser.js",
          "file": "\\api\\test\\getUser.js",
          "beforeHooks": [],
          "afterHooks": [],
          "tests": [
            {
              "title": "returns all users",
              "fullTitle": "GET /users returns all users",
              "timedOut": false,
              "duration": 116,
              "state": "passed",
              "speed": "slow",
              "pass": true,
              "fail": false,
              "pending": false,
              "context": null,
              "code": "const response = await request.get(\"/users\");\n\nexpect(response.status).to.eql(200);\nexpect(response.body.data.length).to.eql(6);",
              "err": {},
              "uuid": "744ccc63-5472-411d-8329-fcd1b7278502",
              "parentUUID": "366f0912-16ea-429e-937c-3638877f6f64",
              "isHook": false,
              "skipped": false
            }
          ],
          "suites": [],
          "passes": [
            "744ccc63-5472-411d-8329-fcd1b7278502"
          ],
          "failures": [],
          "pending": [],
          "skipped": [],
          "duration": 116,
          "root": false,
          "rootEmpty": false,
          "_timeout": 2000
        },
        {
          "uuid": "a9e839bb-d9e7-4f26-b45f-bd138ded7951",
          "title": "GET /users",
          "fullFile": "C:\\Users\\Pinhome Engineer 17\\Documents\\apiAutomationLive01\\api\\test\\getWithAuth.js",
          "file": "\\api\\test\\getWithAuth.js",
          "beforeHooks": [],
          "afterHooks": [],
          "tests": [
            {
              "title": "returns all users",
              "fullTitle": "GET /users returns all users",
              "timedOut": false,
              "duration": 879,
              "state": "failed",
              "speed": null,
              "pass": false,
              "fail": true,
              "pending": false,
              "context": null,
              "code": "const response = await request\n.get(\"/users\")\n.set({ Authorization: AUTH});\n\nexpect(response.status).to.eql(200);",
              "err": {
                "message": "AssertionError: expected 401 to deeply equal 200",
                "estack": "AssertionError: expected 401 to deeply equal 200\n    at Context.<anonymous> (api\\test\\getWithAuth.js:15:36)\n    at process.processTicksAndRejections (node:internal/process/task_queues:95:5)",
                "diff": "- 401\n+ 200\n"
              },
              "uuid": "0100a267-dada-485e-8fad-d061aed2f651",
              "parentUUID": "a9e839bb-d9e7-4f26-b45f-bd138ded7951",
              "isHook": false,
              "skipped": false
            }
          ],
          "suites": [],
          "passes": [],
          "failures": [
            "0100a267-dada-485e-8fad-d061aed2f651"
          ],
          "pending": [],
          "skipped": [],
          "duration": 879,
          "root": false,
          "rootEmpty": false,
          "_timeout": 2000
        }
      ],
      "passes": [],
      "failures": [],
      "pending": [],
      "skipped": [],
      "duration": 0,
      "root": true,
      "rootEmpty": true,
      "_timeout": 2000
    }
  ],
  "meta": {
    "mocha": {
      "version": "10.1.0"
    },
    "mochawesome": {
      "options": {
        "quiet": false,
        "reportFilename": "mochawesome",
        "saveHtml": true,
        "saveJson": true,
        "consoleReporter": "spec",
        "useInlineDiffs": false,
        "code": true
      },
      "version": "7.1.3"
    },
    "marge": {
      "options": null,
      "version": "6.2.0"
    }
  }
}